[2022-12-21 15:12:46] [INFO   ] cannot read configuration file config.properties trying from resources.
[2022-12-21 15:12:46] [INFO   ] configuration file was loaded from resources directory.
[2022-12-21 15:12:48] [INFO   ] Thread dealer starting.
[2022-12-21 15:12:48] [INFO   ] Thread Meni starting.
[2022-12-21 15:12:48] [INFO   ] Thread Marina starting.
[2022-12-21 15:12:48] [SEVERE ] placing card 28 in slot 0
[2022-12-21 15:12:48] [SEVERE ] placing card 3 in slot 1
[2022-12-21 15:12:48] [SEVERE ] placing card 80 in slot 2
[2022-12-21 15:12:48] [SEVERE ] placing card 40 in slot 3
[2022-12-21 15:12:48] [SEVERE ] placing card 44 in slot 4
[2022-12-21 15:12:48] [SEVERE ] placing card 76 in slot 5
[2022-12-21 15:12:48] [SEVERE ] placing card 63 in slot 6
[2022-12-21 15:12:49] [SEVERE ] placing card 27 in slot 7
[2022-12-21 15:12:49] [SEVERE ] placing card 74 in slot 8
[2022-12-21 15:12:49] [SEVERE ] placing card 33 in slot 9
[2022-12-21 15:12:49] [SEVERE ] placing card 14 in slot 10
[2022-12-21 15:12:49] [SEVERE ] placing card 57 in slot 11
[2022-12-21 15:13:01] [SEVERE ] Key 87 was pressed by player 0
[2022-12-21 15:13:01] [SEVERE ] Key 81 was pressed by player 0
[2022-12-21 15:13:02] [SEVERE ] Key 87 was pressed by player 0
[2022-12-21 15:13:02] [SEVERE ] Key 69 was pressed by player 0
[2022-12-21 15:13:02] [SEVERE ] Key 68 was pressed by player 0
[2022-12-21 15:13:02] [SEVERE ] Key 83 was pressed by player 0
[2022-12-21 15:13:03] [SEVERE ] Key 65 was pressed by player 0
[2022-12-21 15:13:03] [SEVERE ] Key 68 was pressed by player 0
[2022-12-21 15:13:04] [SEVERE ] Key 65 was pressed by player 0
[2022-12-21 15:13:04] [SEVERE ] Key 87 was pressed by player 0
[2022-12-21 15:13:04] [SEVERE ] Key 81 was pressed by player 0
[2022-12-21 15:13:04] [SEVERE ] Key 81 was pressed by player 0
[2022-12-21 15:13:04] [SEVERE ] Key 81 was pressed by player 0
[2022-12-21 15:13:05] [SEVERE ] Key 87 was pressed by player 0
[2022-12-21 15:13:05] [SEVERE ] Key 69 was pressed by player 0
[2022-12-21 15:13:05] [SEVERE ] Key 69 was pressed by player 0
[2022-12-21 15:13:05] [SEVERE ] Key 69 was pressed by player 0
[2022-12-21 15:13:05] [SEVERE ] Key 82 was pressed by player 0
[2022-12-21 15:13:06] [SEVERE ] Key 68 was pressed by player 0
[2022-12-21 15:13:06] [SEVERE ] Key 65 was pressed by player 0
[2022-12-21 15:13:06] [SEVERE ] Key 83 was pressed by player 0
[2022-12-21 15:13:06] [SEVERE ] Key 68 was pressed by player 0
[2022-12-21 15:13:07] [SEVERE ] Key 68 was pressed by player 0
[2022-12-21 15:13:07] [SEVERE ] Key 68 was pressed by player 0
[2022-12-21 15:13:21] [SEVERE ] Key 68 was pressed by player 0
[2022-12-21 15:13:21] [SEVERE ] Key 68 was pressed by player 0
[2022-12-21 15:13:21] [SEVERE ] Key 83 was pressed by player 0
[2022-12-21 15:13:21] [SEVERE ] Key 83 was pressed by player 0
[2022-12-21 15:13:21] [SEVERE ] Key 65 was pressed by player 0
[2022-12-21 15:13:22] [SEVERE ] Key 65 was pressed by player 0
[2022-12-21 15:13:22] [SEVERE ] Key 87 was pressed by player 0
[2022-12-21 15:13:22] [SEVERE ] Key 69 was pressed by player 0
[2022-12-21 15:13:22] [SEVERE ] Key 83 was pressed by player 0
[2022-12-21 15:13:22] [SEVERE ] Key 83 was pressed by player 0
[2022-12-21 15:14:02] [SEVERE ] Exit button pressed
[2022-12-21 15:14:02] [INFO   ] Thanks for playing... it was fun!
